[0314/085333.246649:ERROR:file_io_posix.cc(153)] open /home/syanak/.config/Code/Crashpad/pending/21016464-d501-4141-99c5-55d967608d3a.lock: File exists (17)
[0314/085333.246712:ERROR:file_io_posix.cc(153)] open /home/syanak/.config/Code/Crashpad/pending/49c33507-d69b-446f-be50-a3eedf7f48d6.lock: File exists (17)
[90m[main 2025-03-14T05:53:35.452Z][0m update#setState idle
[1572812:0314/085336.348544:ERROR:mime_util_xdg.cc(137)] Invalid mime.cache file does not contain null prior to ALIAS_LIST_OFFSET=44
[90m[main 2025-03-14T05:54:05.453Z][0m update#setState checking for updates
[90m[main 2025-03-14T05:54:05.474Z][0m update#setState available for download
[0314/090333.247068:ERROR:file_io_posix.cc(153)] open /home/syanak/.config/Code/Crashpad/pending/21016464-d501-4141-99c5-55d967608d3a.lock: File exists (17)
[0314/090333.247207:ERROR:file_io_posix.cc(153)] open /home/syanak/.config/Code/Crashpad/pending/21016464-d501-4141-99c5-55d967608d3a.lock: File exists (17)
[0314/090333.249479:ERROR:file_io_posix.cc(153)] open /home/syanak/.config/Code/Crashpad/pending/49c33507-d69b-446f-be50-a3eedf7f48d6.lock: File exists (17)
[0314/090333.249579:ERROR:file_io_posix.cc(153)] open /home/syanak/.config/Code/Crashpad/pending/49c33507-d69b-446f-be50-a3eedf7f48d6.lock: File exists (17)
[0314/090333.263992:ERROR:file_io_posix.cc(153)] open /home/syanak/.config/Code/Crashpad/pending/21016464-d501-4141-99c5-55d967608d3a.lock: File exists (17)
[0314/090333.264087:ERROR:file_io_posix.cc(153)] open /home/syanak/.config/Code/Crashpad/pending/49c33507-d69b-446f-be50-a3eedf7f48d6.lock: File exists (17)
[0314/090833.246841:ERROR:file_io_posix.cc(153)] open /home/syanak/.config/Code/Crashpad/pending/21016464-d501-4141-99c5-55d967608d3a.lock: File exists (17)
[0314/090833.246881:ERROR:file_io_posix.cc(153)] open /home/syanak/.config/Code/Crashpad/pending/49c33507-d69b-446f-be50-a3eedf7f48d6.lock: File exists (17)
[0314/092333.247374:ERROR:file_io_posix.cc(153)] open /home/syanak/.config/Code/Crashpad/pending/21016464-d501-4141-99c5-55d967608d3a.lock: File exists (17)
[0314/092333.247487:ERROR:file_io_posix.cc(153)] open /home/syanak/.config/Code/Crashpad/pending/49c33507-d69b-446f-be50-a3eedf7f48d6.lock: File exists (17)
[0314/093833.248021:ERROR:file_io_posix.cc(153)] open /home/syanak/.config/Code/Crashpad/pending/21016464-d501-4141-99c5-55d967608d3a.lock: File exists (17)
[0314/093833.248133:ERROR:file_io_posix.cc(153)] open /home/syanak/.config/Code/Crashpad/pending/49c33507-d69b-446f-be50-a3eedf7f48d6.lock: File exists (17)
[0314/095333.248509:ERROR:file_io_posix.cc(153)] open /home/syanak/.config/Code/Crashpad/pending/21016464-d501-4141-99c5-55d967608d3a.lock: File exists (17)
[0314/095333.250728:ERROR:file_io_posix.cc(153)] open /home/syanak/.config/Code/Crashpad/pending/49c33507-d69b-446f-be50-a3eedf7f48d6.lock: File exists (17)
[0314/100833.250992:ERROR:file_io_posix.cc(153)] open /home/syanak/.config/Code/Crashpad/pending/21016464-d501-4141-99c5-55d967608d3a.lock: File exists (17)
[0314/100833.251033:ERROR:file_io_posix.cc(153)] open /home/syanak/.config/Code/Crashpad/pending/49c33507-d69b-446f-be50-a3eedf7f48d6.lock: File exists (17)
[0314/102333.251497:ERROR:file_io_posix.cc(153)] open /home/syanak/.config/Code/Crashpad/pending/21016464-d501-4141-99c5-55d967608d3a.lock: File exists (17)
[0314/102333.256017:ERROR:file_io_posix.cc(153)] open /home/syanak/.config/Code/Crashpad/pending/49c33507-d69b-446f-be50-a3eedf7f48d6.lock: File exists (17)
[0314/103833.256531:ERROR:file_io_posix.cc(153)] open /home/syanak/.config/Code/Crashpad/pending/21016464-d501-4141-99c5-55d967608d3a.lock: File exists (17)
[0314/103833.256657:ERROR:file_io_posix.cc(153)] open /home/syanak/.config/Code/Crashpad/pending/49c33507-d69b-446f-be50-a3eedf7f48d6.lock: File exists (17)
[0314/105333.256823:ERROR:file_io_posix.cc(153)] open /home/syanak/.config/Code/Crashpad/pending/21016464-d501-4141-99c5-55d967608d3a.lock: File exists (17)
[0314/105333.256856:ERROR:file_io_posix.cc(153)] open /home/syanak/.config/Code/Crashpad/pending/49c33507-d69b-446f-be50-a3eedf7f48d6.lock: File exists (17)
[0314/110833.257279:ERROR:file_io_posix.cc(153)] open /home/syanak/.config/Code/Crashpad/pending/21016464-d501-4141-99c5-55d967608d3a.lock: File exists (17)
[0314/110833.257447:ERROR:file_io_posix.cc(153)] open /home/syanak/.config/Code/Crashpad/pending/49c33507-d69b-446f-be50-a3eedf7f48d6.lock: File exists (17)
[1572812:0314/112052.878728:ERROR:atom_cache.cc(230)] Add chromium/from-privileged to kAtomsToCache
[0314/112333.257618:ERROR:file_io_posix.cc(153)] open /home/syanak/.config/Code/Crashpad/pending/21016464-d501-4141-99c5-55d967608d3a.lock: File exists (17)
[0314/112333.257654:ERROR:file_io_posix.cc(153)] open /home/syanak/.config/Code/Crashpad/pending/49c33507-d69b-446f-be50-a3eedf7f48d6.lock: File exists (17)
[0314/113833.258069:ERROR:file_io_posix.cc(153)] open /home/syanak/.config/Code/Crashpad/pending/21016464-d501-4141-99c5-55d967608d3a.lock: File exists (17)
[0314/113833.258181:ERROR:file_io_posix.cc(153)] open /home/syanak/.config/Code/Crashpad/pending/49c33507-d69b-446f-be50-a3eedf7f48d6.lock: File exists (17)
[0314/115333.258583:ERROR:file_io_posix.cc(153)] open /home/syanak/.config/Code/Crashpad/pending/21016464-d501-4141-99c5-55d967608d3a.lock: File exists (17)
[0314/115333.260871:ERROR:file_io_posix.cc(153)] open /home/syanak/.config/Code/Crashpad/pending/49c33507-d69b-446f-be50-a3eedf7f48d6.lock: File exists (17)
[0314/120833.261261:ERROR:file_io_posix.cc(153)] open /home/syanak/.config/Code/Crashpad/pending/21016464-d501-4141-99c5-55d967608d3a.lock: File exists (17)
[0314/120833.261440:ERROR:file_io_posix.cc(153)] open /home/syanak/.config/Code/Crashpad/pending/49c33507-d69b-446f-be50-a3eedf7f48d6.lock: File exists (17)
[0314/122333.261837:ERROR:file_io_posix.cc(153)] open /home/syanak/.config/Code/Crashpad/pending/21016464-d501-4141-99c5-55d967608d3a.lock: File exists (17)
[0314/122333.261949:ERROR:file_io_posix.cc(153)] open /home/syanak/.config/Code/Crashpad/pending/49c33507-d69b-446f-be50-a3eedf7f48d6.lock: File exists (17)
[0314/123833.262467:ERROR:file_io_posix.cc(153)] open /home/syanak/.config/Code/Crashpad/pending/21016464-d501-4141-99c5-55d967608d3a.lock: File exists (17)
[0314/123833.262583:ERROR:file_io_posix.cc(153)] open /home/syanak/.config/Code/Crashpad/pending/49c33507-d69b-446f-be50-a3eedf7f48d6.lock: File exists (17)
[0314/125333.263003:ERROR:file_io_posix.cc(153)] open /home/syanak/.config/Code/Crashpad/pending/21016464-d501-4141-99c5-55d967608d3a.lock: File exists (17)
[0314/125333.263125:ERROR:file_io_posix.cc(153)] open /home/syanak/.config/Code/Crashpad/pending/49c33507-d69b-446f-be50-a3eedf7f48d6.lock: File exists (17)
[0314/130833.300155:ERROR:file_io_posix.cc(153)] open /home/syanak/.config/Code/Crashpad/pending/21016464-d501-4141-99c5-55d967608d3a.lock: File exists (17)
[0314/130833.302638:ERROR:file_io_posix.cc(153)] open /home/syanak/.config/Code/Crashpad/pending/49c33507-d69b-446f-be50-a3eedf7f48d6.lock: File exists (17)
[93m[main 2025-03-14T10:19:30.382Z][0m No ptyHost heartbeat after 6 seconds
[0314/132333.342485:ERROR:file_io_posix.cc(153)] open /home/syanak/.config/Code/Crashpad/pending/21016464-d501-4141-99c5-55d967608d3a.lock: File exists (17)
[0314/132333.342530:ERROR:file_io_posix.cc(153)] open /home/syanak/.config/Code/Crashpad/pending/49c33507-d69b-446f-be50-a3eedf7f48d6.lock: File exists (17)
[0314/133833.342707:ERROR:file_io_posix.cc(153)] open /home/syanak/.config/Code/Crashpad/pending/21016464-d501-4141-99c5-55d967608d3a.lock: File exists (17)
[0314/133833.342770:ERROR:file_io_posix.cc(153)] open /home/syanak/.config/Code/Crashpad/pending/49c33507-d69b-446f-be50-a3eedf7f48d6.lock: File exists (17)
[0314/135333.343270:ERROR:file_io_posix.cc(153)] open /home/syanak/.config/Code/Crashpad/pending/21016464-d501-4141-99c5-55d967608d3a.lock: File exists (17)
[0314/135333.343431:ERROR:file_io_posix.cc(153)] open /home/syanak/.config/Code/Crashpad/pending/49c33507-d69b-446f-be50-a3eedf7f48d6.lock: File exists (17)
[0314/140833.343877:ERROR:file_io_posix.cc(153)] open /home/syanak/.config/Code/Crashpad/pending/21016464-d501-4141-99c5-55d967608d3a.lock: File exists (17)
[0314/140833.344010:ERROR:file_io_posix.cc(153)] open /home/syanak/.config/Code/Crashpad/pending/49c33507-d69b-446f-be50-a3eedf7f48d6.lock: File exists (17)
[0314/142333.344539:ERROR:file_io_posix.cc(153)] open /home/syanak/.config/Code/Crashpad/pending/21016464-d501-4141-99c5-55d967608d3a.lock: File exists (17)
[0314/142333.344655:ERROR:file_io_posix.cc(153)] open /home/syanak/.config/Code/Crashpad/pending/49c33507-d69b-446f-be50-a3eedf7f48d6.lock: File exists (17)
[0314/143833.345031:ERROR:file_io_posix.cc(153)] open /home/syanak/.config/Code/Crashpad/pending/21016464-d501-4141-99c5-55d967608d3a.lock: File exists (17)
[0314/143833.345154:ERROR:file_io_posix.cc(153)] open /home/syanak/.config/Code/Crashpad/pending/49c33507-d69b-446f-be50-a3eedf7f48d6.lock: File exists (17)
[0314/145333.345708:ERROR:file_io_posix.cc(153)] open /home/syanak/.config/Code/Crashpad/pending/21016464-d501-4141-99c5-55d967608d3a.lock: File exists (17)
[0314/145333.345823:ERROR:file_io_posix.cc(153)] open /home/syanak/.config/Code/Crashpad/pending/49c33507-d69b-446f-be50-a3eedf7f48d6.lock: File exists (17)
[0314/150833.346403:ERROR:file_io_posix.cc(153)] open /home/syanak/.config/Code/Crashpad/pending/21016464-d501-4141-99c5-55d967608d3a.lock: File exists (17)
[0314/150833.346516:ERROR:file_io_posix.cc(153)] open /home/syanak/.config/Code/Crashpad/pending/49c33507-d69b-446f-be50-a3eedf7f48d6.lock: File exists (17)
[0314/152333.347050:ERROR:file_io_posix.cc(153)] open /home/syanak/.config/Code/Crashpad/pending/21016464-d501-4141-99c5-55d967608d3a.lock: File exists (17)
[0314/152333.347165:ERROR:file_io_posix.cc(153)] open /home/syanak/.config/Code/Crashpad/pending/49c33507-d69b-446f-be50-a3eedf7f48d6.lock: File exists (17)
[1572812:0314/152446.939547:FATAL:bus.cc(1246)] D-Bus connection was disconnected. Aborting.
[0314/152447.118101:ERROR:elf_dynamic_array_reader.h(64)] tag not found
[0314/152447.135516:ERROR:directory_reader_posix.cc(43)] opendir /home/syanak/.config/Code/Crashpad/attachments/a08c2271-37ef-48e0-a41a-20f18668b3c3: No such file or directory (2)
[0320/221623.908766:ERROR:file_io_posix.cc(153)] open /home/syanak/.config/Code/Crashpad/pending/ac2c73d0-6cbd-4a49-89ee-a8674d40fb1b.lock: File exists (17)
[0320/221623.908861:ERROR:file_io_posix.cc(153)] open /home/syanak/.config/Code/Crashpad/pending/e7a26249-e9ac-49c5-b954-ee014f192cb2.lock: File exists (17)
[0320/221623.908871:ERROR:file_io_posix.cc(153)] open /home/syanak/.config/Code/Crashpad/pending/fab51b56-78de-4888-9407-731ca17e15a2.lock: File exists (17)
[90m[main 2025-03-20T19:16:24.896Z][0m update#setState idle
[1817238:0320/221625.818206:ERROR:mime_util_xdg.cc(137)] Invalid mime.cache file does not contain null prior to ALIAS_LIST_OFFSET=44
[90m[main 2025-03-20T19:16:54.900Z][0m update#setState checking for updates
[90m[main 2025-03-20T19:16:54.915Z][0m update#setState available for download
[0320/222623.909256:ERROR:file_io_posix.cc(153)] open /home/syanak/.config/Code/Crashpad/pending/ac2c73d0-6cbd-4a49-89ee-a8674d40fb1b.lock: File exists (17)
[0320/222623.909376:ERROR:file_io_posix.cc(153)] open /home/syanak/.config/Code/Crashpad/pending/ac2c73d0-6cbd-4a49-89ee-a8674d40fb1b.lock: File exists (17)
[0320/222623.911600:ERROR:file_io_posix.cc(153)] open /home/syanak/.config/Code/Crashpad/pending/e7a26249-e9ac-49c5-b954-ee014f192cb2.lock: File exists (17)
[0320/222623.911690:ERROR:file_io_posix.cc(153)] open /home/syanak/.config/Code/Crashpad/pending/e7a26249-e9ac-49c5-b954-ee014f192cb2.lock: File exists (17)
[0320/222623.913274:ERROR:file_io_posix.cc(153)] open /home/syanak/.config/Code/Crashpad/pending/fab51b56-78de-4888-9407-731ca17e15a2.lock: File exists (17)
[0320/222623.913373:ERROR:file_io_posix.cc(153)] open /home/syanak/.config/Code/Crashpad/pending/fab51b56-78de-4888-9407-731ca17e15a2.lock: File exists (17)
[0320/222623.926717:ERROR:file_io_posix.cc(153)] open /home/syanak/.config/Code/Crashpad/pending/ac2c73d0-6cbd-4a49-89ee-a8674d40fb1b.lock: File exists (17)
[0320/222623.926821:ERROR:file_io_posix.cc(153)] open /home/syanak/.config/Code/Crashpad/pending/e7a26249-e9ac-49c5-b954-ee014f192cb2.lock: File exists (17)
[0320/222623.926882:ERROR:file_io_posix.cc(153)] open /home/syanak/.config/Code/Crashpad/pending/fab51b56-78de-4888-9407-731ca17e15a2.lock: File exists (17)
[0320/223123.909300:ERROR:file_io_posix.cc(153)] open /home/syanak/.config/Code/Crashpad/pending/ac2c73d0-6cbd-4a49-89ee-a8674d40fb1b.lock: File exists (17)
[0320/223123.909415:ERROR:file_io_posix.cc(153)] open /home/syanak/.config/Code/Crashpad/pending/e7a26249-e9ac-49c5-b954-ee014f192cb2.lock: File exists (17)
[0320/223123.909464:ERROR:file_io_posix.cc(153)] open /home/syanak/.config/Code/Crashpad/pending/fab51b56-78de-4888-9407-731ca17e15a2.lock: File exists (17)
[0320/224623.909854:ERROR:file_io_posix.cc(153)] open /home/syanak/.config/Code/Crashpad/pending/ac2c73d0-6cbd-4a49-89ee-a8674d40fb1b.lock: File exists (17)
[0320/224623.909994:ERROR:file_io_posix.cc(153)] open /home/syanak/.config/Code/Crashpad/pending/e7a26249-e9ac-49c5-b954-ee014f192cb2.lock: File exists (17)
[0320/224623.910042:ERROR:file_io_posix.cc(153)] open /home/syanak/.config/Code/Crashpad/pending/fab51b56-78de-4888-9407-731ca17e15a2.lock: File exists (17)
[0320/230123.910628:ERROR:file_io_posix.cc(153)] open /home/syanak/.config/Code/Crashpad/pending/ac2c73d0-6cbd-4a49-89ee-a8674d40fb1b.lock: File exists (17)
[0320/230123.910761:ERROR:file_io_posix.cc(153)] open /home/syanak/.config/Code/Crashpad/pending/e7a26249-e9ac-49c5-b954-ee014f192cb2.lock: File exists (17)
[0320/230123.910799:ERROR:file_io_posix.cc(153)] open /home/syanak/.config/Code/Crashpad/pending/fab51b56-78de-4888-9407-731ca17e15a2.lock: File exists (17)
[91m[main 2025-03-20T20:01:26.757Z][0m [UtilityProcessWorker]: terminated unexpectedly with code 82, signal: unknown
[90m[main 2025-03-20T20:01:26.769Z][0m Extension host with pid 1841149 exited with code: 0, signal: unknown.
[1817238:0320/231051.114371:ERROR:atom_cache.cc(230)] Add chromium/from-privileged to kAtomsToCache
[0320/231623.911346:ERROR:file_io_posix.cc(153)] open /home/syanak/.config/Code/Crashpad/pending/ac2c73d0-6cbd-4a49-89ee-a8674d40fb1b.lock: File exists (17)
[0320/231623.911473:ERROR:file_io_posix.cc(153)] open /home/syanak/.config/Code/Crashpad/pending/e7a26249-e9ac-49c5-b954-ee014f192cb2.lock: File exists (17)
[0320/231623.911530:ERROR:file_io_posix.cc(153)] open /home/syanak/.config/Code/Crashpad/pending/fab51b56-78de-4888-9407-731ca17e15a2.lock: File exists (17)
[0320/233123.912087:ERROR:file_io_posix.cc(153)] open /home/syanak/.config/Code/Crashpad/pending/ac2c73d0-6cbd-4a49-89ee-a8674d40fb1b.lock: File exists (17)
[0320/233123.912204:ERROR:file_io_posix.cc(153)] open /home/syanak/.config/Code/Crashpad/pending/e7a26249-e9ac-49c5-b954-ee014f192cb2.lock: File exists (17)
[0320/233123.912242:ERROR:file_io_posix.cc(153)] open /home/syanak/.config/Code/Crashpad/pending/fab51b56-78de-4888-9407-731ca17e15a2.lock: File exists (17)
[0320/234623.912741:ERROR:file_io_posix.cc(153)] open /home/syanak/.config/Code/Crashpad/pending/ac2c73d0-6cbd-4a49-89ee-a8674d40fb1b.lock: File exists (17)
[0320/234623.912866:ERROR:file_io_posix.cc(153)] open /home/syanak/.config/Code/Crashpad/pending/e7a26249-e9ac-49c5-b954-ee014f192cb2.lock: File exists (17)
[0320/234623.912904:ERROR:file_io_posix.cc(153)] open /home/syanak/.config/Code/Crashpad/pending/fab51b56-78de-4888-9407-731ca17e15a2.lock: File exists (17)
[0321/000123.913342:ERROR:file_io_posix.cc(153)] open /home/syanak/.config/Code/Crashpad/pending/ac2c73d0-6cbd-4a49-89ee-a8674d40fb1b.lock: File exists (17)
[0321/000123.913434:ERROR:file_io_posix.cc(153)] open /home/syanak/.config/Code/Crashpad/pending/e7a26249-e9ac-49c5-b954-ee014f192cb2.lock: File exists (17)
[0321/000123.913462:ERROR:file_io_posix.cc(153)] open /home/syanak/.config/Code/Crashpad/pending/fab51b56-78de-4888-9407-731ca17e15a2.lock: File exists (17)
[0321/001623.913827:ERROR:file_io_posix.cc(153)] open /home/syanak/.config/Code/Crashpad/pending/ac2c73d0-6cbd-4a49-89ee-a8674d40fb1b.lock: File exists (17)
[0321/001623.913946:ERROR:file_io_posix.cc(153)] open /home/syanak/.config/Code/Crashpad/pending/e7a26249-e9ac-49c5-b954-ee014f192cb2.lock: File exists (17)
[0321/001623.914034:ERROR:file_io_posix.cc(153)] open /home/syanak/.config/Code/Crashpad/pending/fab51b56-78de-4888-9407-731ca17e15a2.lock: File exists (17)
[0321/003123.914539:ERROR:file_io_posix.cc(153)] open /home/syanak/.config/Code/Crashpad/pending/ac2c73d0-6cbd-4a49-89ee-a8674d40fb1b.lock: File exists (17)
[0321/003123.914660:ERROR:file_io_posix.cc(153)] open /home/syanak/.config/Code/Crashpad/pending/e7a26249-e9ac-49c5-b954-ee014f192cb2.lock: File exists (17)
[0321/003123.914698:ERROR:file_io_posix.cc(153)] open /home/syanak/.config/Code/Crashpad/pending/fab51b56-78de-4888-9407-731ca17e15a2.lock: File exists (17)
[0321/004623.915232:ERROR:file_io_posix.cc(153)] open /home/syanak/.config/Code/Crashpad/pending/ac2c73d0-6cbd-4a49-89ee-a8674d40fb1b.lock: File exists (17)
[0321/004623.915346:ERROR:file_io_posix.cc(153)] open /home/syanak/.config/Code/Crashpad/pending/e7a26249-e9ac-49c5-b954-ee014f192cb2.lock: File exists (17)
[0321/004623.915384:ERROR:file_io_posix.cc(153)] open /home/syanak/.config/Code/Crashpad/pending/fab51b56-78de-4888-9407-731ca17e15a2.lock: File exists (17)
[0321/010123.915678:ERROR:file_io_posix.cc(153)] open /home/syanak/.config/Code/Crashpad/pending/ac2c73d0-6cbd-4a49-89ee-a8674d40fb1b.lock: File exists (17)
[0321/010123.915796:ERROR:file_io_posix.cc(153)] open /home/syanak/.config/Code/Crashpad/pending/e7a26249-e9ac-49c5-b954-ee014f192cb2.lock: File exists (17)
[0321/010123.915836:ERROR:file_io_posix.cc(153)] open /home/syanak/.config/Code/Crashpad/pending/fab51b56-78de-4888-9407-731ca17e15a2.lock: File exists (17)
[0321/011623.916118:ERROR:file_io_posix.cc(153)] open /home/syanak/.config/Code/Crashpad/pending/ac2c73d0-6cbd-4a49-89ee-a8674d40fb1b.lock: File exists (17)
[0321/011623.918580:ERROR:file_io_posix.cc(153)] open /home/syanak/.config/Code/Crashpad/pending/e7a26249-e9ac-49c5-b954-ee014f192cb2.lock: File exists (17)
[0321/011623.918645:ERROR:file_io_posix.cc(153)] open /home/syanak/.config/Code/Crashpad/pending/fab51b56-78de-4888-9407-731ca17e15a2.lock: File exists (17)
[0321/013123.919171:ERROR:file_io_posix.cc(153)] open /home/syanak/.config/Code/Crashpad/pending/ac2c73d0-6cbd-4a49-89ee-a8674d40fb1b.lock: File exists (17)
[0321/013123.919285:ERROR:file_io_posix.cc(153)] open /home/syanak/.config/Code/Crashpad/pending/e7a26249-e9ac-49c5-b954-ee014f192cb2.lock: File exists (17)
[0321/013123.919323:ERROR:file_io_posix.cc(153)] open /home/syanak/.config/Code/Crashpad/pending/fab51b56-78de-4888-9407-731ca17e15a2.lock: File exists (17)
[0321/014623.919915:ERROR:file_io_posix.cc(153)] open /home/syanak/.config/Code/Crashpad/pending/ac2c73d0-6cbd-4a49-89ee-a8674d40fb1b.lock: File exists (17)
[0321/014623.922245:ERROR:file_io_posix.cc(153)] open /home/syanak/.config/Code/Crashpad/pending/e7a26249-e9ac-49c5-b954-ee014f192cb2.lock: File exists (17)
[0321/014623.922335:ERROR:file_io_posix.cc(153)] open /home/syanak/.config/Code/Crashpad/pending/fab51b56-78de-4888-9407-731ca17e15a2.lock: File exists (17)
[0321/020123.922668:ERROR:file_io_posix.cc(153)] open /home/syanak/.config/Code/Crashpad/pending/ac2c73d0-6cbd-4a49-89ee-a8674d40fb1b.lock: File exists (17)
[0321/020123.922790:ERROR:file_io_posix.cc(153)] open /home/syanak/.config/Code/Crashpad/pending/e7a26249-e9ac-49c5-b954-ee014f192cb2.lock: File exists (17)
[0321/020123.922829:ERROR:file_io_posix.cc(153)] open /home/syanak/.config/Code/Crashpad/pending/fab51b56-78de-4888-9407-731ca17e15a2.lock: File exists (17)
[0321/021623.923300:ERROR:file_io_posix.cc(153)] open /home/syanak/.config/Code/Crashpad/pending/ac2c73d0-6cbd-4a49-89ee-a8674d40fb1b.lock: File exists (17)
[0321/021623.923419:ERROR:file_io_posix.cc(153)] open /home/syanak/.config/Code/Crashpad/pending/e7a26249-e9ac-49c5-b954-ee014f192cb2.lock: File exists (17)
[0321/021623.923456:ERROR:file_io_posix.cc(153)] open /home/syanak/.config/Code/Crashpad/pending/fab51b56-78de-4888-9407-731ca17e15a2.lock: File exists (17)
[0321/023123.923716:ERROR:file_io_posix.cc(153)] open /home/syanak/.config/Code/Crashpad/pending/ac2c73d0-6cbd-4a49-89ee-a8674d40fb1b.lock: File exists (17)
[0321/023123.923827:ERROR:file_io_posix.cc(153)] open /home/syanak/.config/Code/Crashpad/pending/e7a26249-e9ac-49c5-b954-ee014f192cb2.lock: File exists (17)
[0321/023123.923858:ERROR:file_io_posix.cc(153)] open /home/syanak/.config/Code/Crashpad/pending/fab51b56-78de-4888-9407-731ca17e15a2.lock: File exists (17)
[0321/024623.924356:ERROR:file_io_posix.cc(153)] open /home/syanak/.config/Code/Crashpad/pending/ac2c73d0-6cbd-4a49-89ee-a8674d40fb1b.lock: File exists (17)
[0321/024623.924470:ERROR:file_io_posix.cc(153)] open /home/syanak/.config/Code/Crashpad/pending/e7a26249-e9ac-49c5-b954-ee014f192cb2.lock: File exists (17)
[0321/024623.924508:ERROR:file_io_posix.cc(153)] open /home/syanak/.config/Code/Crashpad/pending/fab51b56-78de-4888-9407-731ca17e15a2.lock: File exists (17)
[1817238:0321/025341.340613:ERROR:atom_cache.cc(230)] Add code/file-list to kAtomsToCache
[0321/030123.924745:ERROR:file_io_posix.cc(153)] open /home/syanak/.config/Code/Crashpad/pending/ac2c73d0-6cbd-4a49-89ee-a8674d40fb1b.lock: File exists (17)
[0321/030123.924817:ERROR:file_io_posix.cc(153)] open /home/syanak/.config/Code/Crashpad/pending/e7a26249-e9ac-49c5-b954-ee014f192cb2.lock: File exists (17)
[0321/030123.924837:ERROR:file_io_posix.cc(153)] open /home/syanak/.config/Code/Crashpad/pending/fab51b56-78de-4888-9407-731ca17e15a2.lock: File exists (17)
[0321/031623.925047:ERROR:file_io_posix.cc(153)] open /home/syanak/.config/Code/Crashpad/pending/ac2c73d0-6cbd-4a49-89ee-a8674d40fb1b.lock: File exists (17)
[0321/031623.925118:ERROR:file_io_posix.cc(153)] open /home/syanak/.config/Code/Crashpad/pending/e7a26249-e9ac-49c5-b954-ee014f192cb2.lock: File exists (17)
[0321/031623.925142:ERROR:file_io_posix.cc(153)] open /home/syanak/.config/Code/Crashpad/pending/fab51b56-78de-4888-9407-731ca17e15a2.lock: File exists (17)
[0321/033123.925464:ERROR:file_io_posix.cc(153)] open /home/syanak/.config/Code/Crashpad/pending/ac2c73d0-6cbd-4a49-89ee-a8674d40fb1b.lock: File exists (17)
[0321/033123.925582:ERROR:file_io_posix.cc(153)] open /home/syanak/.config/Code/Crashpad/pending/e7a26249-e9ac-49c5-b954-ee014f192cb2.lock: File exists (17)
[0321/033123.925620:ERROR:file_io_posix.cc(153)] open /home/syanak/.config/Code/Crashpad/pending/fab51b56-78de-4888-9407-731ca17e15a2.lock: File exists (17)
[0321/034623.925910:ERROR:file_io_posix.cc(153)] open /home/syanak/.config/Code/Crashpad/pending/ac2c73d0-6cbd-4a49-89ee-a8674d40fb1b.lock: File exists (17)
[0321/034623.926039:ERROR:file_io_posix.cc(153)] open /home/syanak/.config/Code/Crashpad/pending/e7a26249-e9ac-49c5-b954-ee014f192cb2.lock: File exists (17)
[0321/034623.926078:ERROR:file_io_posix.cc(153)] open /home/syanak/.config/Code/Crashpad/pending/fab51b56-78de-4888-9407-731ca17e15a2.lock: File exists (17)
